[0m22:38:26.912856 [debug] [MainThread]: Sending event: {'category': 'dbt', 'action': 'invocation', 'label': 'start', 'context': [<snowplow_tracker.self_describing_json.SelfDescribingJson object at 0x7f476b142610>, <snowplow_tracker.self_describing_json.SelfDescribingJson object at 0x7f4769cfe5b0>, <snowplow_tracker.self_describing_json.SelfDescribingJson object at 0x7f4769cfe520>]}


============================== 22:38:26.915453 | f9be057c-fa88-401a-b066-12300cbe8a70 ==============================
[0m22:38:26.915453 [info ] [MainThread]: Running with dbt=1.5.2
[0m22:38:26.916002 [debug] [MainThread]: running dbt with arguments {'printer_width': '80', 'indirect_selection': 'eager', 'write_json': 'True', 'log_cache_events': 'False', 'partial_parse': 'True', 'cache_selected_only': 'False', 'profiles_dir': '/home/andrea.gioia/.dbt', 'debug': 'False', 'warn_error': 'None', 'log_path': 'logs', 'fail_fast': 'False', 'version_check': 'True', 'use_colors': 'True', 'use_experimental_parser': 'False', 'no_print': 'None', 'quiet': 'False', 'log_format': 'default', 'introspect': 'True', 'warn_error_options': 'WarnErrorOptions(include=[], exclude=[])', 'static_parser': 'True', 'target_path': 'None', 'send_anonymous_usage_stats': 'True'}
[0m22:38:26.916494 [warn ] [MainThread]: [ConfigFolderDirectory]: Unable to parse dict {'dir': PosixPath('/home/andrea.gioia/.dbt')}
[0m22:38:26.916876 [info ] [MainThread]: Creating dbt configuration folder at 
[0m22:39:02.123034 [debug] [MainThread]: Starter project path: /home/andrea.gioia/.local/lib/python3.8/site-packages/dbt/include/starter_project
[0m22:39:14.561618 [info ] [MainThread]: Profile dvdrental_customers written to /home/andrea.gioia/.dbt/profiles.yml using target's sample configuration. Once updated, you'll be able to start developing with dbt.
[0m22:39:14.562150 [info ] [MainThread]: 
Your new dbt project "dvdrental_customers" was created!

For more information on how to configure the profiles.yml file,
please consult the dbt documentation here:

  https://docs.getdbt.com/docs/configure-your-profile

One more thing:

Need help? Don't hesitate to reach out to us via GitHub issues or on Slack:

  https://community.getdbt.com/

Happy modeling!

[0m22:39:14.562836 [debug] [MainThread]: Command `dbt init` succeeded at 22:39:14.562710 after 47.66 seconds
[0m22:39:14.563234 [debug] [MainThread]: Sending event: {'category': 'dbt', 'action': 'invocation', 'label': 'end', 'context': [<snowplow_tracker.self_describing_json.SelfDescribingJson object at 0x7f476b142610>, <snowplow_tracker.self_describing_json.SelfDescribingJson object at 0x7f476d1e9f10>, <snowplow_tracker.self_describing_json.SelfDescribingJson object at 0x7f4769cfe1c0>]}
[0m22:39:14.563625 [debug] [MainThread]: Flushing usage events
